2023-05-16 12:48:31,045 [WARN] com.nimap.task1.controller.HomeController {1.} {http-nio-8080-exec-3} Log level: WARN
2023-05-16 12:48:42,843 [TRACE] com.nimap.task1.controller.HomeController {1.} {http-nio-8080-exec-4} Log level: TRACE
2023-05-16 12:48:42,844 [INFO] com.nimap.task1.controller.HomeController {1.} {http-nio-8080-exec-4} Log level: INFO
2023-05-16 12:48:42,844 [DEBUG] com.nimap.task1.controller.HomeController {1.} {http-nio-8080-exec-4} Log level: DEBUG
2023-05-16 12:48:42,844 [ERROR] com.nimap.task1.controller.HomeController {1.} {http-nio-8080-exec-4} Log level: ERROR
2023-05-16 12:48:42,845 [WARN] com.nimap.task1.controller.HomeController {1.} {http-nio-8080-exec-4} Log level: WARN
2023-05-16 12:48:43,655 [TRACE] com.nimap.task1.controller.HomeController {1.} {http-nio-8080-exec-5} Log level: TRACE
2023-05-16 12:48:43,655 [INFO] com.nimap.task1.controller.HomeController {1.} {http-nio-8080-exec-5} Log level: INFO
2023-05-16 12:48:43,655 [DEBUG] com.nimap.task1.controller.HomeController {1.} {http-nio-8080-exec-5} Log level: DEBUG
2023-05-16 12:48:43,656 [ERROR] com.nimap.task1.controller.HomeController {1.} {http-nio-8080-exec-5} Log level: ERROR
2023-05-16 12:48:43,656 [WARN] com.nimap.task1.controller.HomeController {1.} {http-nio-8080-exec-5} Log level: WARN
2023-05-16 12:48:44,741 [TRACE] com.nimap.task1.controller.HomeController {1.} {http-nio-8080-exec-6} Log level: TRACE
2023-05-16 12:48:44,742 [INFO] com.nimap.task1.controller.HomeController {1.} {http-nio-8080-exec-6} Log level: INFO
2023-05-16 12:48:44,743 [DEBUG] com.nimap.task1.controller.HomeController {1.} {http-nio-8080-exec-6} Log level: DEBUG
2023-05-16 12:48:44,744 [ERROR] com.nimap.task1.controller.HomeController {1.} {http-nio-8080-exec-6} Log level: ERROR
2023-05-16 12:48:44,744 [WARN] com.nimap.task1.controller.HomeController {1.} {http-nio-8080-exec-6} Log level: WARN
2023-05-16 12:48:46,103 [TRACE] com.nimap.task1.controller.HomeController {1.} {http-nio-8080-exec-7} Log level: TRACE
2023-05-16 12:48:46,103 [INFO] com.nimap.task1.controller.HomeController {1.} {http-nio-8080-exec-7} Log level: INFO
2023-05-16 12:48:46,103 [DEBUG] com.nimap.task1.controller.HomeController {1.} {http-nio-8080-exec-7} Log level: DEBUG
2023-05-16 12:48:46,103 [ERROR] com.nimap.task1.controller.HomeController {1.} {http-nio-8080-exec-7} Log level: ERROR
2023-05-16 12:48:46,103 [WARN] com.nimap.task1.controller.HomeController {1.} {http-nio-8080-exec-7} Log level: WARN
2023-05-16 12:48:51,694 [TRACE] com.nimap.task1.controller.HomeController {1.} {http-nio-8080-exec-8} Log level: TRACE
2023-05-16 12:48:51,694 [INFO] com.nimap.task1.controller.HomeController {1.} {http-nio-8080-exec-8} Log level: INFO
2023-05-16 12:48:51,694 [DEBUG] com.nimap.task1.controller.HomeController {1.} {http-nio-8080-exec-8} Log level: DEBUG
2023-05-16 12:48:51,694 [ERROR] com.nimap.task1.controller.HomeController {1.} {http-nio-8080-exec-8} Log level: ERROR
2023-05-16 12:48:51,694 [WARN] com.nimap.task1.controller.HomeController {1.} {http-nio-8080-exec-8} Log level: WARN
2023-05-16 12:48:54,640 [TRACE] com.nimap.task1.controller.HomeController {1.} {http-nio-8080-exec-9} Log level: TRACE
2023-05-16 12:48:54,641 [INFO] com.nimap.task1.controller.HomeController {1.} {http-nio-8080-exec-9} Log level: INFO
2023-05-16 12:48:54,641 [DEBUG] com.nimap.task1.controller.HomeController {1.} {http-nio-8080-exec-9} Log level: DEBUG
2023-05-16 12:48:54,641 [ERROR] com.nimap.task1.controller.HomeController {1.} {http-nio-8080-exec-9} Log level: ERROR
2023-05-16 12:48:54,642 [WARN] com.nimap.task1.controller.HomeController {1.} {http-nio-8080-exec-9} Log level: WARN
2023-05-16 12:48:55,167 [TRACE] com.nimap.task1.controller.HomeController {1.} {http-nio-8080-exec-10} Log level: TRACE
2023-05-16 12:48:55,168 [INFO] com.nimap.task1.controller.HomeController {1.} {http-nio-8080-exec-10} Log level: INFO
2023-05-16 12:48:55,168 [DEBUG] com.nimap.task1.controller.HomeController {1.} {http-nio-8080-exec-10} Log level: DEBUG
2023-05-16 12:48:55,168 [ERROR] com.nimap.task1.controller.HomeController {1.} {http-nio-8080-exec-10} Log level: ERROR
2023-05-16 12:48:55,168 [WARN] com.nimap.task1.controller.HomeController {1.} {http-nio-8080-exec-10} Log level: WARN
2023-05-16 12:49:05,227 [TRACE] com.nimap.task1.controller.HomeController {1.} {http-nio-8080-exec-1} Log level: TRACE
2023-05-16 12:49:05,227 [INFO] com.nimap.task1.controller.HomeController {1.} {http-nio-8080-exec-1} Log level: INFO
2023-05-16 12:49:05,227 [DEBUG] com.nimap.task1.controller.HomeController {1.} {http-nio-8080-exec-1} Log level: DEBUG
2023-05-16 12:49:05,227 [ERROR] com.nimap.task1.controller.HomeController {1.} {http-nio-8080-exec-1} Log level: ERROR
2023-05-16 12:49:05,227 [WARN] com.nimap.task1.controller.HomeController {1.} {http-nio-8080-exec-1} Log level: WARN
2023-05-16 12:49:06,380 [TRACE] com.nimap.task1.controller.HomeController {1.} {http-nio-8080-exec-2} Log level: TRACE
2023-05-16 12:49:06,380 [INFO] com.nimap.task1.controller.HomeController {1.} {http-nio-8080-exec-2} Log level: INFO
2023-05-16 12:49:06,381 [DEBUG] com.nimap.task1.controller.HomeController {1.} {http-nio-8080-exec-2} Log level: DEBUG
2023-05-16 12:49:06,381 [ERROR] com.nimap.task1.controller.HomeController {1.} {http-nio-8080-exec-2} Log level: ERROR
2023-05-16 12:49:06,381 [WARN] com.nimap.task1.controller.HomeController {1.} {http-nio-8080-exec-2} Log level: WARN
2023-05-16 12:49:08,727 [TRACE] com.nimap.task1.controller.HomeController {1.} {http-nio-8080-exec-3} Log level: TRACE
2023-05-16 12:49:08,727 [INFO] com.nimap.task1.controller.HomeController {1.} {http-nio-8080-exec-3} Log level: INFO
2023-05-16 12:49:08,727 [DEBUG] com.nimap.task1.controller.HomeController {1.} {http-nio-8080-exec-3} Log level: DEBUG
2023-05-16 12:49:08,727 [ERROR] com.nimap.task1.controller.HomeController {1.} {http-nio-8080-exec-3} Log level: ERROR
2023-05-16 12:49:08,727 [WARN] com.nimap.task1.controller.HomeController {1.} {http-nio-8080-exec-3} Log level: WARN
2023-05-16 12:49:09,892 [TRACE] com.nimap.task1.controller.HomeController {1.} {http-nio-8080-exec-4} Log level: TRACE
2023-05-16 12:49:09,892 [INFO] com.nimap.task1.controller.HomeController {1.} {http-nio-8080-exec-4} Log level: INFO
2023-05-16 12:49:09,893 [DEBUG] com.nimap.task1.controller.HomeController {1.} {http-nio-8080-exec-4} Log level: DEBUG
2023-05-16 12:49:09,893 [ERROR] com.nimap.task1.controller.HomeController {1.} {http-nio-8080-exec-4} Log level: ERROR
2023-05-16 12:49:09,893 [WARN] com.nimap.task1.controller.HomeController {1.} {http-nio-8080-exec-4} Log level: WARN
2023-05-16 12:49:11,632 [TRACE] com.nimap.task1.controller.HomeController {1.} {http-nio-8080-exec-5} Log level: TRACE
2023-05-16 12:49:11,632 [INFO] com.nimap.task1.controller.HomeController {1.} {http-nio-8080-exec-5} Log level: INFO
2023-05-16 12:49:11,632 [DEBUG] com.nimap.task1.controller.HomeController {1.} {http-nio-8080-exec-5} Log level: DEBUG
2023-05-16 12:49:11,632 [ERROR] com.nimap.task1.controller.HomeController {1.} {http-nio-8080-exec-5} Log level: ERROR
2023-05-16 12:49:11,633 [WARN] com.nimap.task1.controller.HomeController {1.} {http-nio-8080-exec-5} Log level: WARN
2023-05-16 12:49:12,796 [TRACE] com.nimap.task1.controller.HomeController {1.} {http-nio-8080-exec-6} Log level: TRACE
2023-05-16 12:49:12,798 [INFO] com.nimap.task1.controller.HomeController {1.} {http-nio-8080-exec-6} Log level: INFO
2023-05-16 12:49:12,798 [DEBUG] com.nimap.task1.controller.HomeController {1.} {http-nio-8080-exec-6} Log level: DEBUG
2023-05-16 12:49:12,799 [ERROR] com.nimap.task1.controller.HomeController {1.} {http-nio-8080-exec-6} Log level: ERROR
2023-05-16 12:49:12,799 [WARN] com.nimap.task1.controller.HomeController {1.} {http-nio-8080-exec-6} Log level: WARN
2023-05-16 12:49:15,325 [TRACE] com.nimap.task1.controller.HomeController {1.} {http-nio-8080-exec-7} Log level: TRACE
2023-05-16 12:49:15,325 [INFO] com.nimap.task1.controller.HomeController {1.} {http-nio-8080-exec-7} Log level: INFO
2023-05-16 12:49:15,325 [DEBUG] com.nimap.task1.controller.HomeController {1.} {http-nio-8080-exec-7} Log level: DEBUG
2023-05-16 12:49:15,326 [ERROR] com.nimap.task1.controller.HomeController {1.} {http-nio-8080-exec-7} Log level: ERROR
2023-05-16 12:49:15,328 [WARN] com.nimap.task1.controller.HomeController {1.} {http-nio-8080-exec-7} Log level: WARN
2023-05-16 12:49:16,309 [TRACE] com.nimap.task1.controller.HomeController {1.} {http-nio-8080-exec-8} Log level: TRACE
2023-05-16 12:49:16,310 [INFO] com.nimap.task1.controller.HomeController {1.} {http-nio-8080-exec-8} Log level: INFO
2023-05-16 12:49:16,311 [DEBUG] com.nimap.task1.controller.HomeController {1.} {http-nio-8080-exec-8} Log level: DEBUG
2023-05-16 12:49:16,311 [ERROR] com.nimap.task1.controller.HomeController {1.} {http-nio-8080-exec-8} Log level: ERROR
2023-05-16 12:49:16,312 [WARN] com.nimap.task1.controller.HomeController {1.} {http-nio-8080-exec-8} Log level: WARN
2023-05-16 12:49:18,585 [TRACE] com.nimap.task1.controller.HomeController {1.} {http-nio-8080-exec-9} Log level: TRACE
2023-05-16 12:49:18,586 [INFO] com.nimap.task1.controller.HomeController {1.} {http-nio-8080-exec-9} Log level: INFO
2023-05-16 12:49:18,588 [DEBUG] com.nimap.task1.controller.HomeController {1.} {http-nio-8080-exec-9} Log level: DEBUG
2023-05-16 12:49:18,588 [ERROR] com.nimap.task1.controller.HomeController {1.} {http-nio-8080-exec-9} Log level: ERROR
2023-05-16 12:49:18,588 [WARN] com.nimap.task1.controller.HomeController {1.} {http-nio-8080-exec-9} Log level: WARN
2023-05-16 12:49:19,583 [TRACE] com.nimap.task1.controller.HomeController {1.} {http-nio-8080-exec-10} Log level: TRACE
2023-05-16 12:49:19,584 [INFO] com.nimap.task1.controller.HomeController {1.} {http-nio-8080-exec-10} Log level: INFO
2023-05-16 12:49:19,584 [DEBUG] com.nimap.task1.controller.HomeController {1.} {http-nio-8080-exec-10} Log level: DEBUG
2023-05-16 12:49:19,584 [ERROR] com.nimap.task1.controller.HomeController {1.} {http-nio-8080-exec-10} Log level: ERROR
2023-05-16 12:49:19,585 [WARN] com.nimap.task1.controller.HomeController {1.} {http-nio-8080-exec-10} Log level: WARN
